<?xml version="1.0" encoding="UTF-8"?>
<!-- Generated by org.testng.reporters.JUnitReportReporter -->
<testsuite skipped="0" hostname="Nazar" name="FinanceTest" tests="2" failures="0" timestamp="01 Oct 2018 15:25:01 GMT" time="38.443" errors="0">
  <testcase name="testFinance" time="38.439" classname="FinanceTest"/>
  <testcase name="testFinance2" time="0.004" classname="FinanceTest"/>
</testsuite> <!-- FinanceTest -->
